c:\users\86152\desktop\vsprograms\tgpv2\release\qrc_imgs.obj
c:\users\86152\desktop\vsprograms\tgpv2\release\login.obj
c:\users\86152\desktop\vsprograms\tgpv2\release\standardgittabledelegateimg.obj
c:\users\86152\desktop\vsprograms\tgpv2\release\exceltoprt.obj
c:\users\86152\desktop\vsprograms\tgpv2\release\stdgit.obj
c:\users\86152\desktop\vsprograms\tgpv2\release\edit.obj
c:\users\86152\desktop\vsprograms\tgpv2\release\funcore.obj
c:\users\86152\desktop\vsprograms\tgpv2\release\standardgittabledelegate.obj
c:\users\86152\desktop\vsprograms\tgpv2\release\schhit.obj
c:\users\86152\desktop\vsprograms\tgpv2\release\standardgittreeitem.obj
c:\users\86152\desktop\vsprograms\tgpv2\release\capgit.obj
c:\users\86152\desktop\vsprograms\tgpv2\release\progit.obj
c:\users\86152\desktop\vsprograms\tgpv2\release\global.obj
c:\users\86152\desktop\vsprograms\tgpv2\release\prt.obj
c:\users\86152\desktop\vsprograms\tgpv2\release\tgoodplugin.obj
c:\users\86152\desktop\vsprograms\tgpv2\release\moc_progit.obj
c:\users\86152\desktop\vsprograms\tgpv2\release\moc_exceltoprt.obj
c:\users\86152\desktop\vsprograms\tgpv2\release\moc_prt.obj
c:\users\86152\desktop\vsprograms\tgpv2\release\moc_schhit.obj
c:\users\86152\desktop\vsprograms\tgpv2\release\moc_standardgittabledelegate.obj
c:\users\86152\desktop\vsprograms\tgpv2\release\moc_edit.obj
c:\users\86152\desktop\vsprograms\tgpv2\release\moc_stdgit.obj
c:\users\86152\desktop\vsprograms\tgpv2\release\moc_capgit.obj
c:\users\86152\desktop\vsprograms\tgpv2\release\moc_login.obj
c:\users\86152\desktop\vsprograms\tgpv2\release\moc_standardgittabledelegateimg.obj
c:\users\86152\desktop\vsprograms\tgpv2\release\moc_standardgittreeitem.obj
c:\users\86152\desktop\vsprograms\tgpv2\release\moc_predefs.h
c:\users\86152\desktop\vsprograms\tgpv2\release\tgoodplugin.dll
c:\users\86152\desktop\vsprograms\tgpv2\release\moc_capgit.cpp
c:\users\86152\desktop\vsprograms\tgpv2\release\moc_edit.cpp
c:\users\86152\desktop\vsprograms\tgpv2\release\moc_exceltoprt.cpp
c:\users\86152\desktop\vsprograms\tgpv2\release\moc_login.cpp
c:\users\86152\desktop\vsprograms\tgpv2\release\moc_stdgit.cpp
c:\users\86152\desktop\vsprograms\tgpv2\release\moc_standardgittabledelegate.cpp
c:\users\86152\desktop\vsprograms\tgpv2\release\moc_standardgittabledelegateimg.cpp
c:\users\86152\desktop\vsprograms\tgpv2\release\moc_standardgittreeitem.cpp
c:\users\86152\desktop\vsprograms\tgpv2\release\moc_progit.cpp
c:\users\86152\desktop\vsprograms\tgpv2\release\moc_prt.cpp
c:\users\86152\desktop\vsprograms\tgpv2\release\moc_schhit.cpp
c:\users\86152\desktop\vsprograms\tgpv2\release\qrc_imgs.cpp
c:\users\86152\desktop\vsprograms\tgpv2\ui_capgit.h
c:\users\86152\desktop\vsprograms\tgpv2\ui_edit.h
c:\users\86152\desktop\vsprograms\tgpv2\ui_exceltoprt.h
c:\users\86152\desktop\vsprograms\tgpv2\ui_login.h
c:\users\86152\desktop\vsprograms\tgpv2\ui_progit.h
c:\users\86152\desktop\vsprograms\tgpv2\ui_prt.h
c:\users\86152\desktop\vsprograms\tgpv2\ui_stdgit.h
c:\users\86152\desktop\vsprograms\tgpv2\release\tgoodplugin.lib
c:\users\86152\desktop\vsprograms\tgpv2\release\tgoodplugin.exp
c:\users\86152\desktop\vsprograms\tgpv2\release\tgpv2.tlog\cl.command.1.tlog
c:\users\86152\desktop\vsprograms\tgpv2\release\tgpv2.tlog\cl.items.tlog
c:\users\86152\desktop\vsprograms\tgpv2\release\tgpv2.tlog\cl.read.1.tlog
c:\users\86152\desktop\vsprograms\tgpv2\release\tgpv2.tlog\cl.write.1.tlog
c:\users\86152\desktop\vsprograms\tgpv2\release\tgpv2.tlog\custombuild.command.1.tlog
c:\users\86152\desktop\vsprograms\tgpv2\release\tgpv2.tlog\custombuild.read.1.tlog
c:\users\86152\desktop\vsprograms\tgpv2\release\tgpv2.tlog\custombuild.write.1.tlog
c:\users\86152\desktop\vsprograms\tgpv2\release\tgpv2.tlog\link.command.1.tlog
c:\users\86152\desktop\vsprograms\tgpv2\release\tgpv2.tlog\link.read.1.tlog
c:\users\86152\desktop\vsprograms\tgpv2\release\tgpv2.tlog\link.secondary.1.tlog
c:\users\86152\desktop\vsprograms\tgpv2\release\tgpv2.tlog\link.write.1.tlog
c:\users\86152\desktop\vsprograms\tgpv2\release\tgpv2.tlog\moc.read.1u.tlog
c:\users\86152\desktop\vsprograms\tgpv2\release\tgpv2.tlog\moc.write.1u.tlog
c:\users\86152\desktop\vsprograms\tgpv2\release\tgpv2.tlog\rcc.read.1u.tlog
c:\users\86152\desktop\vsprograms\tgpv2\release\tgpv2.tlog\rcc.write.1u.tlog
c:\users\86152\desktop\vsprograms\tgpv2\release\tgpv2.tlog\tgpv2.write.1u.tlog
c:\users\86152\desktop\vsprograms\tgpv2\release\tgpv2.tlog\uic.read.1u.tlog
c:\users\86152\desktop\vsprograms\tgpv2\release\tgpv2.tlog\uic.write.1u.tlog
