  Generate moc_predefs.h
D:\Program Files\VisualStudio\MSBuild\Microsoft\VC\v170\Microsoft.CppCommon.targets(254,5): warning MSB8064: 项“release\moc_predefs.h.cbt”的自定义生成成功，但指定的依赖项“c:\users\86152\desktop\vsprograms\tgpv2\release\moc_predefs.h.cbt”不存在。这可能会导致增量生成无法正常工作。
  Uic'ing capgit.ui...
  Uic'ing edit.ui...
  Uic'ing exceltoprt.ui...
  Uic'ing login.ui...
  Uic'ing proGit.ui...
  Uic'ing PRT.ui...
  Uic'ing stdgit.ui...
  Rcc'ing imgs.qrc...
  Moc'ing capGit.h...
  Moc'ing edit.h...
  Moc'ing exceltoprt.h...
  Moc'ing login.h...
  Moc'ing stdgit.h...
  Moc'ing standardgittabledelegate.h...
  Moc'ing standardGitTableDelegateImg.h...
  Moc'ing standardgittreeitem.h...
  Moc'ing proGit.h...
  Moc'ing PRT.h...
  Moc'ing schHit.h...
  capGit.cpp
  edit.cpp
  exceltoprt.cpp
  FunCore.cpp
  global.cpp
  login.cpp
  proGit.cpp
  PRT.cpp
  schHit.cpp
  standardgittabledelegate.cpp
  standardGitTableDelegateImg.cpp
  standardgittreeitem.cpp
  stdgit.cpp
  TGoodPlugin.cpp
C:\Users\86152\Desktop\VsPrograms\TGPv2\standardGitTableDelegateImg.cpp(15,124): warning C4100: “index”: 未引用的形参
C:\Users\86152\Desktop\VsPrograms\TGPv2\standardGitTableDelegateImg.cpp(15,97): warning C4100: “option”: 未引用的形参
C:\Users\86152\Desktop\VsPrograms\TGPv2\standardGitTableDelegateImg.cpp(15,61): warning C4100: “parent”: 未引用的形参
C:\Users\86152\Desktop\VsPrograms\TGPv2\FunCore.cpp(314,38): warning C4834: 放弃具有 [[nodiscard]] 属性的函数的返回值
C:\Users\86152\Desktop\VsPrograms\TGPv2\capGit.cpp(462,9): warning C4189: “statusCode”: 局部变量已初始化但不引用
C:\Users\86152\Desktop\VsPrograms\TGPv2\exceltoprt.cpp(21,40): warning C4100: “event”: 未引用的形参
C:\Users\86152\Desktop\VsPrograms\TGPv2\edit.cpp(173,10): warning C4189: “bopen2”: 局部变量已初始化但不引用
C:\Users\86152\Desktop\VsPrograms\TGPv2\edit.cpp(161,10): warning C4189: “bopen1”: 局部变量已初始化但不引用
C:\Users\86152\Desktop\VsPrograms\TGPv2\proGit.cpp(477,9): warning C4189: “statusCode”: 局部变量已初始化但不引用
C:\Users\86152\Desktop\VsPrograms\TGPv2\stdgit.cpp(452,9): warning C4189: “statusCode”: 局部变量已初始化但不引用
C:\Users\86152\Desktop\VsPrograms\TGPv2\TGoodPlugin.cpp(5,39): warning C4100: “data”: 未引用的形参
C:\Users\86152\Desktop\VsPrograms\TGPv2\TGoodPlugin.cpp(5,25): warning C4100: “format”: 未引用的形参
C:\Users\86152\Desktop\VsPrograms\TGPv2\schHit.cpp(412,29): warning C4189: “res”: 局部变量已初始化但不引用
  qrc_imgs.cpp
  moc_capGit.cpp
  moc_edit.cpp
  moc_exceltoprt.cpp
  moc_login.cpp
  moc_stdgit.cpp
  moc_standardgittabledelegate.cpp
  moc_standardGitTableDelegateImg.cpp
  moc_standardgittreeitem.cpp
  moc_proGit.cpp
  moc_PRT.cpp
  moc_schHit.cpp
    正在创建库 release\\TGoodPlugin.lib 和对象 release\\TGoodPlugin.exp
  TGPv2.vcxproj -> C:\Users\86152\Desktop\VsPrograms\TGPv2\release\TGoodPlugin.dll
